生成启动时间为 2020/3/11 12:24:23。
     1>项目“E:\vsc++\email\email\email.vcxproj”在节点 2 上(rebuild 个目标)。
     1>_PrepareForClean:
         正在删除文件“Debug\email.lastbuildstate”。
       InitializeBuildStatus:
         正在创建“Debug\email.unsuccessfulbuild”，因为已指定“AlwaysCreate”。
       ClCompile:
         d:\Program Files (x86)\Microsoft Visual Studio 10.0\VC\bin\CL.exe /c /ZI /nologo /W3 /WX- /Od /Oy- /D WIN32 /D _DEBUG /D _CONSOLE /D _LIB /D _CRT_SECURE_NO_WARNINGS /D _UNICODE /D UNICODE /Gm /EHsc /RTC1 /MDd /GS /fp:precise /Zc:wchar_t /Zc:forScope /Fo"Debug\\" /Fd"Debug\vc100.pdb" /Gd /TP /analyze- /errorReport:prompt email.cpp
         email.cpp
       ManifestResourceCompile:
         C:\Program Files (x86)\Microsoft SDKs\Windows\v7.0A\bin\rc.exe /nologo /fo"Debug\email.exe.embed.manifest.res" Debug\email_manifest.rc 
       Link:
         d:\Program Files (x86)\Microsoft Visual Studio 10.0\VC\bin\link.exe /ERRORREPORT:PROMPT /OUT:"E:\vsc++\email\Debug\email.exe" /INCREMENTAL /NOLOGO kernel32.lib user32.lib gdi32.lib winspool.lib comdlg32.lib advapi32.lib shell32.lib ole32.lib oleaut32.lib uuid.lib odbc32.lib odbccp32.lib /MANIFEST /ManifestFile:"Debug\email.exe.intermediate.manifest" /MANIFESTUAC:"level='asInvoker' uiAccess='false'" /DEBUG /PDB:"E:\vsc++\email\Debug\email.pdb" /SUBSYSTEM:CONSOLE /TLBID:1 /DYNAMICBASE /NXCOMPAT /IMPLIB:"E:\vsc++\email\Debug\email.lib" /MACHINE:X86 Debug\email.exe.embed.manifest.res
         Debug\email.obj
       Manifest:
         正在删除文件“Debug\email.exe.embed.manifest”。
         C:\Program Files (x86)\Microsoft SDKs\Windows\v7.0A\bin\mt.exe /nologo /verbose /out:"Debug\email.exe.embed.manifest" /manifest Debug\email.exe.intermediate.manifest
         C:\Program Files (x86)\Microsoft SDKs\Windows\v7.0A\bin\rc.exe /nologo /fo"Debug\email.exe.embed.manifest.res" Debug\email_manifest.rc 
       LinkEmbedManifest:
         d:\Program Files (x86)\Microsoft Visual Studio 10.0\VC\bin\link.exe /ERRORREPORT:PROMPT /OUT:"E:\vsc++\email\Debug\email.exe" /INCREMENTAL /NOLOGO kernel32.lib user32.lib gdi32.lib winspool.lib comdlg32.lib advapi32.lib shell32.lib ole32.lib oleaut32.lib uuid.lib odbc32.lib odbccp32.lib /MANIFEST /ManifestFile:"Debug\email.exe.intermediate.manifest" /MANIFESTUAC:"level='asInvoker' uiAccess='false'" /DEBUG /PDB:"E:\vsc++\email\Debug\email.pdb" /SUBSYSTEM:CONSOLE /TLBID:1 /DYNAMICBASE /NXCOMPAT /IMPLIB:"E:\vsc++\email\Debug\email.lib" /MACHINE:X86 Debug\email.exe.embed.manifest.res
         Debug\email.obj
         email.vcxproj -> E:\vsc++\email\Debug\email.exe
       FinalizeBuildStatus:
         正在删除文件“Debug\email.unsuccessfulbuild”。
         正在对“Debug\email.lastbuildstate”执行 Touch 任务。
     1>已完成生成项目“E:\vsc++\email\email\email.vcxproj”(rebuild 个目标)的操作。

生成成功。

已用时间 00:00:01.38
