E:\VSC++\EMAIL\DEBUG\EMAIL.EXE
E:\VSC++\EMAIL\DEBUG\EMAIL.ILK
E:\VSC++\EMAIL\DEBUG\EMAIL.PDB
E:\vsc++\email\email\Debug\cl.command.1.tlog
E:\vsc++\email\email\Debug\CL.read.1.tlog
E:\vsc++\email\email\Debug\CL.write.1.tlog
E:\VSC++\EMAIL\EMAIL\DEBUG\EMAIL.EXE.EMBED.MANIFEST
E:\VSC++\EMAIL\EMAIL\DEBUG\EMAIL.EXE.EMBED.MANIFEST.RES
E:\VSC++\EMAIL\EMAIL\DEBUG\EMAIL.EXE.INTERMEDIATE.MANIFEST
E:\VSC++\EMAIL\EMAIL\DEBUG\EMAIL.OBJ
E:\vsc++\email\email\Debug\email.write.1.tlog
E:\vsc++\email\email\Debug\email_manifest.rc
E:\vsc++\email\email\Debug\link.7300.read.1.tlog
E:\vsc++\email\email\Debug\link.7300.write.1.tlog
E:\vsc++\email\email\Debug\link.7300-cvtres.read.1.tlog
E:\vsc++\email\email\Debug\link.7300-cvtres.write.1.tlog
E:\vsc++\email\email\Debug\link.command.1.tlog
E:\vsc++\email\email\Debug\link.read.1.tlog
E:\vsc++\email\email\Debug\link.write.1.tlog
E:\vsc++\email\email\Debug\link-cvtres.read.1.tlog
E:\vsc++\email\email\Debug\link-cvtres.write.1.tlog
E:\vsc++\email\email\Debug\mt.command.1.tlog
E:\vsc++\email\email\Debug\mt.read.1.tlog
E:\vsc++\email\email\Debug\mt.write.1.tlog
E:\vsc++\email\email\Debug\rc.command.1.tlog
E:\vsc++\email\email\Debug\rc.read.1.tlog
E:\vsc++\email\email\Debug\rc.write.1.tlog
E:\vsc++\email\email\Debug\vc100.idb
E:\VSC++\EMAIL\EMAIL\DEBUG\VC100.PDB
